05/06/17 16:56:38 INFO  smtpserver: SMTP Service uses default thread group.
05/06/17 16:56:38 INFO  smtpserver: SMTP Service is running on: Admin
05/06/17 16:56:38 INFO  smtpserver: SMTP Service handler hello name is: Admin
05/06/17 16:56:38 INFO  smtpserver: SMTP Service handler connection timeout is: 360000
05/06/17 16:56:38 INFO  smtpserver: SMTP Service connection backlog is: 5
05/06/17 16:56:38 INFO  smtpserver: SMTP Service will allow a maximum of 30 connections.
05/06/17 16:56:38 INFO  smtpserver: This SMTP server requires authentication, but doesn't verify that the authentication credentials match the sender address.
05/06/17 16:56:38 INFO  smtpserver: Authorized addresses: [127.0.0.0/255.0.0.0]
05/06/17 16:56:38 INFO  smtpserver: No maximum message size is enforced for this server.
05/06/17 16:56:38 INFO  smtpserver: The idle timeout will be reset every 20480 bytes.
05/06/17 16:56:38 INFO  smtpserver: Added Commandhandler: org.apache.james.smtpserver.VrfyCmdHandler
05/06/17 16:56:38 INFO  smtpserver: Added Commandhandler: org.apache.james.smtpserver.AuthCmdHandler
05/06/17 16:56:38 INFO  smtpserver: Added Commandhandler: org.apache.james.smtpserver.QuitCmdHandler
05/06/17 16:56:38 INFO  smtpserver: Added Commandhandler: org.apache.james.smtpserver.HelpCmdHandler
05/06/17 16:56:38 INFO  smtpserver: Added Commandhandler: org.apache.james.smtpserver.HeloCmdHandler
05/06/17 16:56:38 INFO  smtpserver: Added Commandhandler: org.apache.james.smtpserver.MailCmdHandler
05/06/17 16:56:38 INFO  smtpserver: Added Commandhandler: org.apache.james.smtpserver.DataCmdHandler
05/06/17 16:56:38 INFO  smtpserver: Added Commandhandler: org.apache.james.smtpserver.RcptCmdHandler
05/06/17 16:56:38 INFO  smtpserver: Added Commandhandler: org.apache.james.smtpserver.EhloCmdHandler
05/06/17 16:56:38 INFO  smtpserver: Added MessageHandler: org.apache.james.smtpserver.SendMailHandler
05/06/17 16:56:38 INFO  smtpserver: Added Commandhandler: org.apache.james.smtpserver.NoopCmdHandler
05/06/17 16:56:38 INFO  smtpserver: Added Commandhandler: org.apache.james.smtpserver.ExpnCmdHandler
05/06/17 16:56:38 INFO  smtpserver: Added Commandhandler: org.apache.james.smtpserver.RsetCmdHandler
05/06/17 16:56:38 INFO  smtpserver: SMTP Service started plain:25
05/06/17 17:50:12 INFO  smtpserver: Connection from 27.223.103.18 (27.223.103.18)
05/06/17 17:50:12 ERROR smtpserver: Socket to 27.223.103.18 (27.223.103.18) closed remotely.
java.net.SocketException: Connection reset
	at java.net.SocketInputStream.read(SocketInputStream.java:196)
	at java.net.SocketInputStream.read(SocketInputStream.java:122)
	at java.io.BufferedInputStream.fill(BufferedInputStream.java:235)
	at java.io.BufferedInputStream.read(BufferedInputStream.java:254)
	at org.apache.james.util.CRLFTerminatedReader.read(CRLFTerminatedReader.java:153)
	at org.apache.james.util.CRLFTerminatedReader.readLine(CRLFTerminatedReader.java:113)
	at org.apache.james.smtpserver.SMTPHandler.readCommandLine(SMTPHandler.java:751)
	at org.apache.james.smtpserver.SMTPHandler.handleConnection(SMTPHandler.java:372)
	at org.apache.james.util.connection.ServerConnection$ClientConnectionRunner.run(ServerConnection.java:432)
	at org.apache.excalibur.thread.impl.ExecutableRunnable.execute(ExecutableRunnable.java:55)
	at org.apache.excalibur.thread.impl.WorkerThread.run(WorkerThread.java:116)
