27/05/17 10:39:38 INFO  smtpserver: SMTP Service uses default thread group.
27/05/17 10:39:38 INFO  smtpserver: SMTP Service is running on: Admin
27/05/17 10:39:38 INFO  smtpserver: SMTP Service handler hello name is: Admin
27/05/17 10:39:38 INFO  smtpserver: SMTP Service handler connection timeout is: 360000
27/05/17 10:39:38 INFO  smtpserver: SMTP Service connection backlog is: 5
27/05/17 10:39:38 INFO  smtpserver: SMTP Service will allow a maximum of 30 connections.
27/05/17 10:39:38 INFO  smtpserver: This SMTP server requires authentication, but doesn't verify that the authentication credentials match the sender address.
27/05/17 10:39:38 INFO  smtpserver: Authorized addresses: [127.0.0.0/255.0.0.0]
27/05/17 10:39:38 INFO  smtpserver: No maximum message size is enforced for this server.
27/05/17 10:39:38 INFO  smtpserver: The idle timeout will be reset every 20480 bytes.
27/05/17 10:39:38 INFO  smtpserver: Added Commandhandler: org.apache.james.smtpserver.VrfyCmdHandler
27/05/17 10:39:38 INFO  smtpserver: Added Commandhandler: org.apache.james.smtpserver.AuthCmdHandler
27/05/17 10:39:38 INFO  smtpserver: Added Commandhandler: org.apache.james.smtpserver.QuitCmdHandler
27/05/17 10:39:38 INFO  smtpserver: Added Commandhandler: org.apache.james.smtpserver.HelpCmdHandler
27/05/17 10:39:38 INFO  smtpserver: Added Commandhandler: org.apache.james.smtpserver.HeloCmdHandler
27/05/17 10:39:38 INFO  smtpserver: Added Commandhandler: org.apache.james.smtpserver.MailCmdHandler
27/05/17 10:39:38 INFO  smtpserver: Added Commandhandler: org.apache.james.smtpserver.DataCmdHandler
27/05/17 10:39:38 INFO  smtpserver: Added Commandhandler: org.apache.james.smtpserver.RcptCmdHandler
27/05/17 10:39:38 INFO  smtpserver: Added Commandhandler: org.apache.james.smtpserver.EhloCmdHandler
27/05/17 10:39:38 INFO  smtpserver: Added MessageHandler: org.apache.james.smtpserver.SendMailHandler
27/05/17 10:39:38 INFO  smtpserver: Added Commandhandler: org.apache.james.smtpserver.NoopCmdHandler
27/05/17 10:39:38 INFO  smtpserver: Added Commandhandler: org.apache.james.smtpserver.ExpnCmdHandler
27/05/17 10:39:38 INFO  smtpserver: Added Commandhandler: org.apache.james.smtpserver.RsetCmdHandler
27/05/17 10:39:38 INFO  smtpserver: SMTP Service started plain:25
27/05/17 11:30:53 INFO  smtpserver: Connection from 175.6.228.148 (175.6.228.148)
27/05/17 11:30:53 ERROR smtpserver: Socket to 175.6.228.148 (175.6.228.148) closed remotely.
java.net.SocketException: Connection reset
	at java.net.SocketInputStream.read(SocketInputStream.java:196)
	at java.net.SocketInputStream.read(SocketInputStream.java:122)
	at java.io.BufferedInputStream.fill(BufferedInputStream.java:235)
	at java.io.BufferedInputStream.read(BufferedInputStream.java:254)
	at org.apache.james.util.CRLFTerminatedReader.read(CRLFTerminatedReader.java:153)
	at org.apache.james.util.CRLFTerminatedReader.readLine(CRLFTerminatedReader.java:113)
	at org.apache.james.smtpserver.SMTPHandler.readCommandLine(SMTPHandler.java:751)
	at org.apache.james.smtpserver.SMTPHandler.handleConnection(SMTPHandler.java:372)
	at org.apache.james.util.connection.ServerConnection$ClientConnectionRunner.run(ServerConnection.java:432)
	at org.apache.excalibur.thread.impl.ExecutableRunnable.execute(ExecutableRunnable.java:55)
	at org.apache.excalibur.thread.impl.WorkerThread.run(WorkerThread.java:116)
