20/05/17 12:44:52 INFO  spoolmanager: JamesSpoolManager init...
20/05/17 12:44:52 INFO  spoolmanager: Matcher All instantiated.
20/05/17 12:44:52 INFO  spoolmanager: Mailet PostmasterAlias instantiated.
20/05/17 12:44:52 INFO  spoolmanager: Matcher RelayLimit=30 instantiated.
20/05/17 12:44:52 INFO  spoolmanager: Mailet Null instantiated.
20/05/17 12:44:52 INFO  spoolmanager: Matcher HasMailAttributeWithValue=org.apache.james.infected, true instantiated.
20/05/17 12:44:52 INFO  spoolmanager: Mailet ToProcessor instantiated.
20/05/17 12:44:52 INFO  spoolmanager: Matcher HasMailAttribute=spamChecked instantiated.
20/05/17 12:44:52 INFO  spoolmanager: Mailet ToProcessor instantiated.
20/05/17 12:44:52 INFO  spoolmanager: Matcher All instantiated.
20/05/17 12:44:52 INFO  spoolmanager: Mailet SetMailAttribute instantiated.
20/05/17 12:44:52 INFO  spoolmanager: Matcher SMTPAuthSuccessful instantiated.
20/05/17 12:44:52 INFO  spoolmanager: Mailet ToProcessor instantiated.
20/05/17 12:44:52 INFO  spoolmanager: Matcher InSpammerBlacklist=query.bondedsender.org. instantiated.
20/05/17 12:44:52 INFO  spoolmanager: Mailet ToProcessor instantiated.
20/05/17 12:44:52 INFO  spoolmanager: Matcher InSpammerBlacklist=dnsbl.njabl.org. instantiated.
20/05/17 12:44:52 INFO  spoolmanager: Mailet ToProcessor instantiated.
20/05/17 12:44:52 INFO  spoolmanager: Matcher All instantiated.
20/05/17 12:44:52 INFO  spoolmanager: Mailet ToProcessor instantiated.
20/05/17 12:44:52 INFO  spoolmanager: Processor root instantiated.
20/05/17 12:44:52 INFO  spoolmanager: Matcher All instantiated.
20/05/17 12:44:52 INFO  spoolmanager: Mailet ToRepository instantiated.
20/05/17 12:44:52 INFO  spoolmanager: Processor error instantiated.
20/05/17 12:44:52 INFO  spoolmanager: Matcher SMTPAuthSuccessful instantiated.
20/05/17 12:44:52 INFO  spoolmanager: Mailet SetMimeHeader instantiated.
20/05/17 12:44:52 INFO  spoolmanager: Matcher HasMailAttribute=org.apache.james.SMIMECheckSignature instantiated.
20/05/17 12:44:52 INFO  spoolmanager: Mailet SetMimeHeader instantiated.
20/05/17 12:44:52 INFO  spoolmanager: Matcher RecipientIsLocal instantiated.
20/05/17 12:44:52 INFO  spoolmanager: Mailet LocalDelivery instantiated.
20/05/17 12:44:52 INFO  spoolmanager: Matcher HostIsLocal instantiated.
20/05/17 12:44:52 INFO  spoolmanager: Mailet ToProcessor instantiated.
20/05/17 12:44:52 INFO  spoolmanager: Matcher All instantiated.
20/05/17 12:44:52 INFO  spoolmanager: Mailet RemoteDelivery instantiated.
20/05/17 12:44:52 INFO  spoolmanager: Processor transport instantiated.
20/05/17 12:44:52 INFO  spoolmanager: Matcher All instantiated.
20/05/17 12:44:52 INFO  spoolmanager: Mailet ToRepository instantiated.
20/05/17 12:44:52 INFO  spoolmanager: Processor spam instantiated.
20/05/17 12:44:52 INFO  spoolmanager: Matcher All instantiated.
20/05/17 12:44:52 INFO  spoolmanager: Mailet SetMailAttribute instantiated.
20/05/17 12:44:52 INFO  spoolmanager: Matcher SMTPAuthSuccessful instantiated.
20/05/17 12:44:52 INFO  spoolmanager: Mailet Bounce instantiated.
20/05/17 12:44:52 INFO  spoolmanager: Matcher All instantiated.
20/05/17 12:44:52 INFO  spoolmanager: Mailet Null instantiated.
20/05/17 12:44:52 INFO  spoolmanager: Processor virus instantiated.
20/05/17 12:44:52 INFO  spoolmanager: Matcher All instantiated.
20/05/17 12:44:52 INFO  spoolmanager: Mailet ToRepository instantiated.
20/05/17 12:44:52 INFO  spoolmanager: Processor local-address-error instantiated.
20/05/17 12:44:52 INFO  spoolmanager: Matcher All instantiated.
20/05/17 12:44:52 INFO  spoolmanager: Mailet ToRepository instantiated.
20/05/17 12:44:52 INFO  spoolmanager: Processor relay-denied instantiated.
20/05/17 12:44:52 INFO  spoolmanager: Matcher All instantiated.
20/05/17 12:44:52 INFO  spoolmanager: Mailet DSNBounce instantiated.
20/05/17 12:44:52 INFO  spoolmanager: Processor bounces instantiated.
20/05/17 12:44:52 INFO  spoolmanager: Spooler Manager uses 10 Thread(s)
20/05/17 12:44:52 INFO  spoolmanager: Run JamesSpoolManager: Spool Thread #0
20/05/17 12:44:52 INFO  spoolmanager: Spool=com.sun.proxy.$Proxy5
20/05/17 12:44:52 INFO  spoolmanager: Run JamesSpoolManager: Spool Thread #1
20/05/17 12:44:52 INFO  spoolmanager: Run JamesSpoolManager: Spool Thread #2
20/05/17 12:44:52 INFO  spoolmanager: Spool=com.sun.proxy.$Proxy5
20/05/17 12:44:52 INFO  spoolmanager: Spool=com.sun.proxy.$Proxy5
20/05/17 12:44:52 INFO  spoolmanager: Run JamesSpoolManager: Spool Thread #3
20/05/17 12:44:52 INFO  spoolmanager: Spool=com.sun.proxy.$Proxy5
20/05/17 12:44:52 INFO  spoolmanager: Run JamesSpoolManager: Spool Thread #4
20/05/17 12:44:52 INFO  spoolmanager: Spool=com.sun.proxy.$Proxy5
20/05/17 12:44:52 INFO  spoolmanager: Run JamesSpoolManager: Spool Thread #5
20/05/17 12:44:52 INFO  spoolmanager: Spool=com.sun.proxy.$Proxy5
20/05/17 12:44:52 INFO  spoolmanager: Run JamesSpoolManager: Spool Thread #6
20/05/17 12:44:52 INFO  spoolmanager: Run JamesSpoolManager: Spool Thread #7
20/05/17 12:44:52 INFO  spoolmanager: Spool=com.sun.proxy.$Proxy5
20/05/17 12:44:52 INFO  spoolmanager: Spool=com.sun.proxy.$Proxy5
20/05/17 12:44:52 INFO  spoolmanager: Run JamesSpoolManager: Spool Thread #8
20/05/17 12:44:52 INFO  spoolmanager: Spool=com.sun.proxy.$Proxy5
20/05/17 12:44:52 INFO  spoolmanager: Run JamesSpoolManager: Spool Thread #9
20/05/17 12:44:52 INFO  spoolmanager: Spool=com.sun.proxy.$Proxy5
20/05/17 20:13:57 INFO  spoolmanager: JamesSpoolManager dispose...
20/05/17 20:13:57 INFO  spoolmanager: Interrupted JamesSpoolManager: Spool Thread #4
20/05/17 20:13:57 INFO  spoolmanager: Stop JamesSpoolManager: Spool Thread #4
20/05/17 20:13:57 INFO  spoolmanager: Interrupted JamesSpoolManager: Spool Thread #6
20/05/17 20:13:57 INFO  spoolmanager: Stop JamesSpoolManager: Spool Thread #6
20/05/17 20:13:57 INFO  spoolmanager: Interrupted JamesSpoolManager: Spool Thread #8
20/05/17 20:13:57 INFO  spoolmanager: Interrupted JamesSpoolManager: Spool Thread #5
20/05/17 20:13:57 INFO  spoolmanager: Stop JamesSpoolManager: Spool Thread #5
20/05/17 20:13:57 INFO  spoolmanager: Stop JamesSpoolManager: Spool Thread #8
20/05/17 20:13:57 INFO  spoolmanager: Interrupted JamesSpoolManager: Spool Thread #7
20/05/17 20:13:57 INFO  spoolmanager: Interrupted JamesSpoolManager: Spool Thread #2
20/05/17 20:13:57 INFO  spoolmanager: Interrupted JamesSpoolManager: Spool Thread #1
20/05/17 20:13:57 INFO  spoolmanager: Interrupted JamesSpoolManager: Spool Thread #3
20/05/17 20:13:57 INFO  spoolmanager: Interrupted JamesSpoolManager: Spool Thread #0
20/05/17 20:13:57 INFO  spoolmanager: Stop JamesSpoolManager: Spool Thread #0
20/05/17 20:13:57 INFO  spoolmanager: Stop JamesSpoolManager: Spool Thread #3
20/05/17 20:13:57 INFO  spoolmanager: Stop JamesSpoolManager: Spool Thread #1
20/05/17 20:13:57 INFO  spoolmanager: Stop JamesSpoolManager: Spool Thread #2
20/05/17 20:13:57 INFO  spoolmanager: Stop JamesSpoolManager: Spool Thread #7
20/05/17 20:13:57 INFO  spoolmanager: Interrupted JamesSpoolManager: Spool Thread #9
20/05/17 20:13:57 INFO  spoolmanager: Stop JamesSpoolManager: Spool Thread #9
20/05/17 20:13:58 INFO  spoolmanager: JamesSpoolManager thread shutdown completed.
