17/05/17 16:45:15 INFO  spoolmanager: JamesSpoolManager init...
17/05/17 16:45:15 INFO  spoolmanager: Matcher All instantiated.
17/05/17 16:45:15 INFO  spoolmanager: Mailet PostmasterAlias instantiated.
17/05/17 16:45:15 INFO  spoolmanager: Matcher RelayLimit=30 instantiated.
17/05/17 16:45:15 INFO  spoolmanager: Mailet Null instantiated.
17/05/17 16:45:15 INFO  spoolmanager: Matcher HasMailAttributeWithValue=org.apache.james.infected, true instantiated.
17/05/17 16:45:15 INFO  spoolmanager: Mailet ToProcessor instantiated.
17/05/17 16:45:15 INFO  spoolmanager: Matcher HasMailAttribute=spamChecked instantiated.
17/05/17 16:45:15 INFO  spoolmanager: Mailet ToProcessor instantiated.
17/05/17 16:45:15 INFO  spoolmanager: Matcher All instantiated.
17/05/17 16:45:15 INFO  spoolmanager: Mailet SetMailAttribute instantiated.
17/05/17 16:45:15 INFO  spoolmanager: Matcher SMTPAuthSuccessful instantiated.
17/05/17 16:45:15 INFO  spoolmanager: Mailet ToProcessor instantiated.
17/05/17 16:45:15 INFO  spoolmanager: Matcher InSpammerBlacklist=query.bondedsender.org. instantiated.
17/05/17 16:45:15 INFO  spoolmanager: Mailet ToProcessor instantiated.
17/05/17 16:45:15 INFO  spoolmanager: Matcher InSpammerBlacklist=dnsbl.njabl.org. instantiated.
17/05/17 16:45:15 INFO  spoolmanager: Mailet ToProcessor instantiated.
17/05/17 16:45:15 INFO  spoolmanager: Matcher All instantiated.
17/05/17 16:45:15 INFO  spoolmanager: Mailet ToProcessor instantiated.
17/05/17 16:45:15 INFO  spoolmanager: Processor root instantiated.
17/05/17 16:45:15 INFO  spoolmanager: Matcher All instantiated.
17/05/17 16:45:15 INFO  spoolmanager: Mailet ToRepository instantiated.
17/05/17 16:45:15 INFO  spoolmanager: Processor error instantiated.
17/05/17 16:45:15 INFO  spoolmanager: Matcher SMTPAuthSuccessful instantiated.
17/05/17 16:45:15 INFO  spoolmanager: Mailet SetMimeHeader instantiated.
17/05/17 16:45:15 INFO  spoolmanager: Matcher HasMailAttribute=org.apache.james.SMIMECheckSignature instantiated.
17/05/17 16:45:15 INFO  spoolmanager: Mailet SetMimeHeader instantiated.
17/05/17 16:45:15 INFO  spoolmanager: Matcher RecipientIsLocal instantiated.
17/05/17 16:45:15 INFO  spoolmanager: Mailet LocalDelivery instantiated.
17/05/17 16:45:15 INFO  spoolmanager: Matcher HostIsLocal instantiated.
17/05/17 16:45:15 INFO  spoolmanager: Mailet ToProcessor instantiated.
17/05/17 16:45:15 INFO  spoolmanager: Matcher All instantiated.
17/05/17 16:45:15 INFO  spoolmanager: Mailet RemoteDelivery instantiated.
17/05/17 16:45:15 INFO  spoolmanager: Processor transport instantiated.
17/05/17 16:45:15 INFO  spoolmanager: Matcher All instantiated.
17/05/17 16:45:15 INFO  spoolmanager: Mailet ToRepository instantiated.
17/05/17 16:45:15 INFO  spoolmanager: Processor spam instantiated.
17/05/17 16:45:15 INFO  spoolmanager: Matcher All instantiated.
17/05/17 16:45:15 INFO  spoolmanager: Mailet SetMailAttribute instantiated.
17/05/17 16:45:15 INFO  spoolmanager: Matcher SMTPAuthSuccessful instantiated.
17/05/17 16:45:15 INFO  spoolmanager: Mailet Bounce instantiated.
17/05/17 16:45:15 INFO  spoolmanager: Matcher All instantiated.
17/05/17 16:45:15 INFO  spoolmanager: Mailet Null instantiated.
17/05/17 16:45:15 INFO  spoolmanager: Processor virus instantiated.
17/05/17 16:45:15 INFO  spoolmanager: Matcher All instantiated.
17/05/17 16:45:15 INFO  spoolmanager: Mailet ToRepository instantiated.
17/05/17 16:45:15 INFO  spoolmanager: Processor local-address-error instantiated.
17/05/17 16:45:15 INFO  spoolmanager: Matcher All instantiated.
17/05/17 16:45:15 INFO  spoolmanager: Mailet ToRepository instantiated.
17/05/17 16:45:15 INFO  spoolmanager: Processor relay-denied instantiated.
17/05/17 16:45:15 INFO  spoolmanager: Matcher All instantiated.
17/05/17 16:45:15 INFO  spoolmanager: Mailet DSNBounce instantiated.
17/05/17 16:45:15 INFO  spoolmanager: Processor bounces instantiated.
17/05/17 16:45:15 INFO  spoolmanager: Spooler Manager uses 10 Thread(s)
17/05/17 16:45:15 INFO  spoolmanager: Run JamesSpoolManager: Spool Thread #0
17/05/17 16:45:15 INFO  spoolmanager: Run JamesSpoolManager: Spool Thread #2
17/05/17 16:45:15 INFO  spoolmanager: Run JamesSpoolManager: Spool Thread #4
17/05/17 16:45:15 INFO  spoolmanager: Spool=com.sun.proxy.$Proxy5
17/05/17 16:45:15 INFO  spoolmanager: Run JamesSpoolManager: Spool Thread #3
17/05/17 16:45:15 INFO  spoolmanager: Run JamesSpoolManager: Spool Thread #1
17/05/17 16:45:15 INFO  spoolmanager: Run JamesSpoolManager: Spool Thread #5
17/05/17 16:45:15 INFO  spoolmanager: Spool=com.sun.proxy.$Proxy5
17/05/17 16:45:15 INFO  spoolmanager: Spool=com.sun.proxy.$Proxy5
17/05/17 16:45:15 INFO  spoolmanager: Run JamesSpoolManager: Spool Thread #7
17/05/17 16:45:15 INFO  spoolmanager: Spool=com.sun.proxy.$Proxy5
17/05/17 16:45:15 INFO  spoolmanager: Run JamesSpoolManager: Spool Thread #6
17/05/17 16:45:15 INFO  spoolmanager: Spool=com.sun.proxy.$Proxy5
17/05/17 16:45:15 INFO  spoolmanager: Spool=com.sun.proxy.$Proxy5
17/05/17 16:45:15 INFO  spoolmanager: Spool=com.sun.proxy.$Proxy5
17/05/17 16:45:15 INFO  spoolmanager: Run JamesSpoolManager: Spool Thread #9
17/05/17 16:45:15 INFO  spoolmanager: Run JamesSpoolManager: Spool Thread #8
17/05/17 16:45:15 INFO  spoolmanager: Spool=com.sun.proxy.$Proxy5
17/05/17 16:45:15 INFO  spoolmanager: Spool=com.sun.proxy.$Proxy5
17/05/17 16:45:15 INFO  spoolmanager: Spool=com.sun.proxy.$Proxy5
17/05/17 21:38:16 INFO  spoolmanager: JamesSpoolManager dispose...
17/05/17 21:38:16 INFO  spoolmanager: Interrupted JamesSpoolManager: Spool Thread #9
17/05/17 21:38:16 INFO  spoolmanager: Interrupted JamesSpoolManager: Spool Thread #0
17/05/17 21:38:16 INFO  spoolmanager: Interrupted JamesSpoolManager: Spool Thread #7
17/05/17 21:38:16 INFO  spoolmanager: Stop JamesSpoolManager: Spool Thread #0
17/05/17 21:38:16 INFO  spoolmanager: Stop JamesSpoolManager: Spool Thread #9
17/05/17 21:38:16 INFO  spoolmanager: Interrupted JamesSpoolManager: Spool Thread #2
17/05/17 21:38:16 INFO  spoolmanager: Stop JamesSpoolManager: Spool Thread #2
17/05/17 21:38:16 INFO  spoolmanager: Interrupted JamesSpoolManager: Spool Thread #4
17/05/17 21:38:16 INFO  spoolmanager: Stop JamesSpoolManager: Spool Thread #7
17/05/17 21:38:16 INFO  spoolmanager: Interrupted JamesSpoolManager: Spool Thread #5
17/05/17 21:38:16 INFO  spoolmanager: Stop JamesSpoolManager: Spool Thread #5
17/05/17 21:38:16 INFO  spoolmanager: Stop JamesSpoolManager: Spool Thread #4
17/05/17 21:38:16 INFO  spoolmanager: Interrupted JamesSpoolManager: Spool Thread #1
17/05/17 21:38:16 INFO  spoolmanager: Stop JamesSpoolManager: Spool Thread #1
17/05/17 21:38:16 INFO  spoolmanager: Interrupted JamesSpoolManager: Spool Thread #6
17/05/17 21:38:16 INFO  spoolmanager: Stop JamesSpoolManager: Spool Thread #6
17/05/17 21:38:16 INFO  spoolmanager: Interrupted JamesSpoolManager: Spool Thread #3
17/05/17 21:38:16 INFO  spoolmanager: Stop JamesSpoolManager: Spool Thread #3
17/05/17 21:38:16 INFO  spoolmanager: Interrupted JamesSpoolManager: Spool Thread #8
17/05/17 21:38:16 INFO  spoolmanager: Stop JamesSpoolManager: Spool Thread #8
17/05/17 21:38:17 INFO  spoolmanager: JamesSpoolManager thread shutdown completed.
