27/05/17 10:39:38 INFO  spoolmanager: JamesSpoolManager init...
27/05/17 10:39:38 INFO  spoolmanager: Matcher All instantiated.
27/05/17 10:39:38 INFO  spoolmanager: Mailet PostmasterAlias instantiated.
27/05/17 10:39:38 INFO  spoolmanager: Matcher RelayLimit=30 instantiated.
27/05/17 10:39:38 INFO  spoolmanager: Mailet Null instantiated.
27/05/17 10:39:38 INFO  spoolmanager: Matcher HasMailAttributeWithValue=org.apache.james.infected, true instantiated.
27/05/17 10:39:38 INFO  spoolmanager: Mailet ToProcessor instantiated.
27/05/17 10:39:38 INFO  spoolmanager: Matcher HasMailAttribute=spamChecked instantiated.
27/05/17 10:39:38 INFO  spoolmanager: Mailet ToProcessor instantiated.
27/05/17 10:39:38 INFO  spoolmanager: Matcher All instantiated.
27/05/17 10:39:38 INFO  spoolmanager: Mailet SetMailAttribute instantiated.
27/05/17 10:39:38 INFO  spoolmanager: Matcher SMTPAuthSuccessful instantiated.
27/05/17 10:39:38 INFO  spoolmanager: Mailet ToProcessor instantiated.
27/05/17 10:39:38 INFO  spoolmanager: Matcher InSpammerBlacklist=query.bondedsender.org. instantiated.
27/05/17 10:39:38 INFO  spoolmanager: Mailet ToProcessor instantiated.
27/05/17 10:39:38 INFO  spoolmanager: Matcher InSpammerBlacklist=dnsbl.njabl.org. instantiated.
27/05/17 10:39:38 INFO  spoolmanager: Mailet ToProcessor instantiated.
27/05/17 10:39:38 INFO  spoolmanager: Matcher All instantiated.
27/05/17 10:39:38 INFO  spoolmanager: Mailet ToProcessor instantiated.
27/05/17 10:39:38 INFO  spoolmanager: Processor root instantiated.
27/05/17 10:39:38 INFO  spoolmanager: Matcher All instantiated.
27/05/17 10:39:38 INFO  spoolmanager: Mailet ToRepository instantiated.
27/05/17 10:39:38 INFO  spoolmanager: Processor error instantiated.
27/05/17 10:39:38 INFO  spoolmanager: Matcher SMTPAuthSuccessful instantiated.
27/05/17 10:39:38 INFO  spoolmanager: Mailet SetMimeHeader instantiated.
27/05/17 10:39:38 INFO  spoolmanager: Matcher HasMailAttribute=org.apache.james.SMIMECheckSignature instantiated.
27/05/17 10:39:38 INFO  spoolmanager: Mailet SetMimeHeader instantiated.
27/05/17 10:39:38 INFO  spoolmanager: Matcher RecipientIsLocal instantiated.
27/05/17 10:39:38 INFO  spoolmanager: Mailet LocalDelivery instantiated.
27/05/17 10:39:38 INFO  spoolmanager: Matcher HostIsLocal instantiated.
27/05/17 10:39:38 INFO  spoolmanager: Mailet ToProcessor instantiated.
27/05/17 10:39:38 INFO  spoolmanager: Matcher All instantiated.
27/05/17 10:39:38 INFO  spoolmanager: Mailet RemoteDelivery instantiated.
27/05/17 10:39:38 INFO  spoolmanager: Processor transport instantiated.
27/05/17 10:39:38 INFO  spoolmanager: Matcher All instantiated.
27/05/17 10:39:38 INFO  spoolmanager: Mailet ToRepository instantiated.
27/05/17 10:39:38 INFO  spoolmanager: Processor spam instantiated.
27/05/17 10:39:38 INFO  spoolmanager: Matcher All instantiated.
27/05/17 10:39:38 INFO  spoolmanager: Mailet SetMailAttribute instantiated.
27/05/17 10:39:38 INFO  spoolmanager: Matcher SMTPAuthSuccessful instantiated.
27/05/17 10:39:38 INFO  spoolmanager: Mailet Bounce instantiated.
27/05/17 10:39:38 INFO  spoolmanager: Matcher All instantiated.
27/05/17 10:39:38 INFO  spoolmanager: Mailet Null instantiated.
27/05/17 10:39:38 INFO  spoolmanager: Processor virus instantiated.
27/05/17 10:39:38 INFO  spoolmanager: Matcher All instantiated.
27/05/17 10:39:38 INFO  spoolmanager: Mailet ToRepository instantiated.
27/05/17 10:39:38 INFO  spoolmanager: Processor local-address-error instantiated.
27/05/17 10:39:38 INFO  spoolmanager: Matcher All instantiated.
27/05/17 10:39:38 INFO  spoolmanager: Mailet ToRepository instantiated.
27/05/17 10:39:38 INFO  spoolmanager: Processor relay-denied instantiated.
27/05/17 10:39:38 INFO  spoolmanager: Matcher All instantiated.
27/05/17 10:39:38 INFO  spoolmanager: Mailet DSNBounce instantiated.
27/05/17 10:39:38 INFO  spoolmanager: Processor bounces instantiated.
27/05/17 10:39:38 INFO  spoolmanager: Spooler Manager uses 10 Thread(s)
27/05/17 10:39:38 INFO  spoolmanager: Run JamesSpoolManager: Spool Thread #0
27/05/17 10:39:38 INFO  spoolmanager: Spool=com.sun.proxy.$Proxy5
27/05/17 10:39:38 INFO  spoolmanager: Run JamesSpoolManager: Spool Thread #1
27/05/17 10:39:38 INFO  spoolmanager: Spool=com.sun.proxy.$Proxy5
27/05/17 10:39:38 INFO  spoolmanager: Run JamesSpoolManager: Spool Thread #8
27/05/17 10:39:38 INFO  spoolmanager: Spool=com.sun.proxy.$Proxy5
27/05/17 10:39:38 INFO  spoolmanager: Run JamesSpoolManager: Spool Thread #3
27/05/17 10:39:38 INFO  spoolmanager: Spool=com.sun.proxy.$Proxy5
27/05/17 10:39:38 INFO  spoolmanager: Run JamesSpoolManager: Spool Thread #4
27/05/17 10:39:38 INFO  spoolmanager: Spool=com.sun.proxy.$Proxy5
27/05/17 10:39:38 INFO  spoolmanager: Run JamesSpoolManager: Spool Thread #5
27/05/17 10:39:38 INFO  spoolmanager: Spool=com.sun.proxy.$Proxy5
27/05/17 10:39:38 INFO  spoolmanager: Run JamesSpoolManager: Spool Thread #6
27/05/17 10:39:38 INFO  spoolmanager: Spool=com.sun.proxy.$Proxy5
27/05/17 10:39:38 INFO  spoolmanager: Run JamesSpoolManager: Spool Thread #7
27/05/17 10:39:38 INFO  spoolmanager: Spool=com.sun.proxy.$Proxy5
27/05/17 10:39:38 INFO  spoolmanager: Run JamesSpoolManager: Spool Thread #2
27/05/17 10:39:38 INFO  spoolmanager: Spool=com.sun.proxy.$Proxy5
27/05/17 10:39:38 INFO  spoolmanager: Run JamesSpoolManager: Spool Thread #9
27/05/17 10:39:38 INFO  spoolmanager: Spool=com.sun.proxy.$Proxy5
27/05/17 21:12:16 INFO  spoolmanager: JamesSpoolManager dispose...
27/05/17 21:12:16 INFO  spoolmanager: Interrupted JamesSpoolManager: Spool Thread #0
27/05/17 21:12:16 INFO  spoolmanager: Interrupted JamesSpoolManager: Spool Thread #6
27/05/17 21:12:16 INFO  spoolmanager: Interrupted JamesSpoolManager: Spool Thread #2
27/05/17 21:12:16 INFO  spoolmanager: Stop JamesSpoolManager: Spool Thread #2
27/05/17 21:12:16 INFO  spoolmanager: Interrupted JamesSpoolManager: Spool Thread #4
27/05/17 21:12:16 INFO  spoolmanager: Interrupted JamesSpoolManager: Spool Thread #9
27/05/17 21:12:16 INFO  spoolmanager: Interrupted JamesSpoolManager: Spool Thread #1
27/05/17 21:12:16 INFO  spoolmanager: Interrupted JamesSpoolManager: Spool Thread #3
27/05/17 21:12:16 INFO  spoolmanager: Stop JamesSpoolManager: Spool Thread #3
27/05/17 21:12:16 INFO  spoolmanager: Interrupted JamesSpoolManager: Spool Thread #5
27/05/17 21:12:16 INFO  spoolmanager: Interrupted JamesSpoolManager: Spool Thread #8
27/05/17 21:12:16 INFO  spoolmanager: Stop JamesSpoolManager: Spool Thread #8
27/05/17 21:12:16 INFO  spoolmanager: Interrupted JamesSpoolManager: Spool Thread #7
27/05/17 21:12:16 INFO  spoolmanager: Stop JamesSpoolManager: Spool Thread #5
27/05/17 21:12:16 INFO  spoolmanager: Stop JamesSpoolManager: Spool Thread #1
27/05/17 21:12:16 INFO  spoolmanager: Stop JamesSpoolManager: Spool Thread #9
27/05/17 21:12:16 INFO  spoolmanager: Stop JamesSpoolManager: Spool Thread #4
27/05/17 21:12:16 INFO  spoolmanager: Stop JamesSpoolManager: Spool Thread #6
27/05/17 21:12:16 INFO  spoolmanager: Stop JamesSpoolManager: Spool Thread #0
27/05/17 21:12:16 INFO  spoolmanager: Stop JamesSpoolManager: Spool Thread #7
27/05/17 21:12:17 INFO  spoolmanager: JamesSpoolManager thread shutdown completed.
